#
# There is insufficient memory for the Java Runtime Environment to continue.
# Native memory allocation (mmap) failed to map 266338304 bytes for Failed to commit area from 0x0000000703e00000 to 0x0000000713c00000 of length 266338304.
# Possible reasons:
#   The system is out of physical RAM or swap space
#   The process is running with CompressedOops enabled, and the Java Heap may be blocking the growth of the native heap
# Possible solutions:
#   Reduce memory load on the system
#   Increase physical memory or swap space
#   Check if swap backing store is full
#   Decrease Java heap size (-Xmx/-Xms)
#   Decrease number of Java threads
#   Decrease Java thread stack sizes (-Xss)
#   Set larger code cache with -XX:ReservedCodeCacheSize=
# This output file may be truncated or incomplete.
#
#  Out of Memory Error (c:/BuildAgent/work/5ff2f6c26000d570/src/hotspot/os/windows/os_windows.cpp:3291), pid=114016, tid=110936
#
# JRE version:  (11.0.5+10) (build )
# Java VM: OpenJDK 64-Bit Server VM (11.0.5+10-b520.30, mixed mode, aot, sharing, tiered, compressed oops, g1 gc, windows-amd64)
# No core dump will be written. Minidumps are not enabled by default on client versions of Windows
#

---------------  S U M M A R Y ------------

Command Line: -javaagent:E:\Program Files\JetBrains\IntelliJ IDEA Educational Edition 2019.3.1\lib\idea_rt.jar=60874:E:\Program Files\JetBrains\IntelliJ IDEA Educational Edition 2019.3.1\bin -Dfile.encoding=UTF-8 Main

Host: Intel(R) Core(TM) i7-8565U CPU @ 1.80GHz, 8 cores, 15G,  Windows 10 , 64 bit Build 18362 (10.0.18362.959)
Time: Wed Aug 12 21:11:24 2020 Eastern Daylight Time elapsed time: 0 seconds (0d 0h 0m 0s)

---------------  T H R E A D  ---------------

Current thread (0x000002f0f1bd9000):  JavaThread "Unknown thread" [_thread_in_vm, id=110936, stack(0x000000f10a600000,0x000000f10a700000)]

Stack: [0x000000f10a600000,0x000000f10a700000]
Native frames: (J=compiled Java code, j=interpreted, Vv=VM code, C=native code)
V  [jvm.dll+0x5dcafa]
V  [jvm.dll+0x70e375]
V  [jvm.dll+0x70f898]
V  [jvm.dll+0x70ff63]
V  [jvm.dll+0x23e238]
V  [jvm.dll+0x5da1c4]
V  [jvm.dll+0x5cf265]
V  [jvm.dll+0x2fac3b]
V  [jvm.dll+0x2fabaa]
V  [jvm.dll+0x2faa82]
V  [jvm.dll+0x2ff956]
V  [jvm.dll+0x3480d3]
V  [jvm.dll+0x3487d6]
V  [jvm.dll+0x3481d3]
V  [jvm.dll+0x2d5548]
V  [jvm.dll+0x2d66e7]
V  [jvm.dll+0x6ed237]
V  [jvm.dll+0x6eea2c]
V  [jvm.dll+0x355849]
V  [jvm.dll+0x6d239e]
V  [jvm.dll+0x3be283]
V  [jvm.dll+0x3c0701]
C  [jli.dll+0x5363]
C  [ucrtbase.dll+0x20e82]
C  [KERNEL32.DLL+0x17bd4]
C  [ntdll.dll+0x6ce51]


---------------  P R O C E S S  ---------------

Threads class SMR info:
_java_thread_list=0x000002f0efaa64d0, length=0, elements={
}

Java Threads: ( => current thread )

Other Threads:
  0x000002f0f1bf2800 GCTaskThread "GC Thread#0" [stack: 0x000000f10a700000,0x000000f10a800000] [id=108724]
  0x000002f0f1c4f000 ConcurrentGCThread "G1 Main Marker" [stack: 0x000000f10a800000,0x000000f10a900000] [id=111272]
  0x000002f0f1c52000 ConcurrentGCThread "G1 Conc#0" [stack: 0x000000f10a900000,0x000000f10aa00000] [id=117264]

[error occurred during error reporting (printing all threads), id 0xc0000005, EXCEPTION_ACCESS_VIOLATION (0xc0000005) at pc=0x00007ffc80615c17]

VM state:not at safepoint (not fully initialized)

VM Mutex/Monitor currently owned by a thread:  ([mutex/lock_event])
[0x000002f0f1bd7ba0] Heap_lock - owner thread: 0x000002f0f1bd9000

Heap address: 0x0000000703e00000, size: 4034 MB, Compressed Oops mode: Non-zero based: 0x0000000703e00000
Narrow klass base: 0x0000000000000000, Narrow klass shift: 0

GC Heap History (0 events):
No events

Deoptimization events (0 events):
No events

Classes redefined (0 events):
No events

Internal exceptions (0 events):
No events

Events (0 events):
No events


Dynamic libraries:
0x00007ff6e9a70000 - 0x00007ff6e9a7a000 	E:\Program Files\JetBrains\IntelliJ IDEA Educational Edition 2019.3.1\jbr\bin\java.exe
0x00007ffd08e20000 - 0x00007ffd09010000 	C:\WINDOWS\SYSTEM32\ntdll.dll
0x00007ffd07cc0000 - 0x00007ffd07d72000 	C:\WINDOWS\System32\KERNEL32.DLL
0x00007ffd06270000 - 0x00007ffd06514000 	C:\WINDOWS\System32\KERNELBASE.dll
0x00007ffd060c0000 - 0x00007ffd061ba000 	C:\WINDOWS\System32\ucrtbase.dll
0x00007ffd02710000 - 0x00007ffd02727000 	E:\Program Files\JetBrains\IntelliJ IDEA Educational Edition 2019.3.1\jbr\bin\VCRUNTIME140.dll
0x00007ffd044f0000 - 0x00007ffd04509000 	E:\Program Files\JetBrains\IntelliJ IDEA Educational Edition 2019.3.1\jbr\bin\jli.dll
0x00007ffd07f70000 - 0x00007ffd08104000 	C:\WINDOWS\System32\USER32.dll
0x00007ffd05da0000 - 0x00007ffd05dc1000 	C:\WINDOWS\System32\win32u.dll
0x00007ffd071b0000 - 0x00007ffd071d6000 	C:\WINDOWS\System32\GDI32.dll
0x00007ffd05f20000 - 0x00007ffd060b6000 	C:\WINDOWS\System32\gdi32full.dll
0x00007ffd05dd0000 - 0x00007ffd05e6e000 	C:\WINDOWS\System32\msvcp_win.dll
0x00007ffcf1760000 - 0x00007ffcf19e4000 	C:\WINDOWS\WinSxS\amd64_microsoft.windows.common-controls_6595b64144ccf1df_6.0.18362.959_none_e6c7bbbf130c62bb\COMCTL32.dll
0x00007ffd07a90000 - 0x00007ffd07b2e000 	C:\WINDOWS\System32\msvcrt.dll
0x00007ffd08110000 - 0x00007ffd08445000 	C:\WINDOWS\System32\combase.dll
0x00007ffd06f50000 - 0x00007ffd07070000 	C:\WINDOWS\System32\RPCRT4.dll
0x00007ffd06670000 - 0x00007ffd066f0000 	C:\WINDOWS\System32\bcryptPrimitives.dll
0x00007ffd07d90000 - 0x00007ffd07dbe000 	C:\WINDOWS\System32\IMM32.DLL
0x00007ffcf2380000 - 0x00007ffcf241d000 	E:\Program Files\JetBrains\IntelliJ IDEA Educational Edition 2019.3.1\jbr\bin\msvcp140.dll
0x00007ffc80330000 - 0x00007ffc80deb000 	E:\Program Files\JetBrains\IntelliJ IDEA Educational Edition 2019.3.1\jbr\bin\server\jvm.dll
0x00007ffd07290000 - 0x00007ffd07333000 	C:\WINDOWS\System32\ADVAPI32.dll
0x00007ffd07b90000 - 0x00007ffd07c27000 	C:\WINDOWS\System32\sechost.dll
0x00007ffd07d80000 - 0x00007ffd07d88000 	C:\WINDOWS\System32\PSAPI.DLL
0x00007ffcfd3a0000 - 0x00007ffcfd3a9000 	C:\WINDOWS\SYSTEM32\WSOCK32.dll
0x00007ffcfdd70000 - 0x00007ffcfdd94000 	C:\WINDOWS\SYSTEM32\WINMM.dll
0x00007ffd07c30000 - 0x00007ffd07c9f000 	C:\WINDOWS\System32\WS2_32.dll
0x00007ffcf9d00000 - 0x00007ffcf9d0a000 	C:\WINDOWS\SYSTEM32\VERSION.dll
0x00007ffcfdd40000 - 0x00007ffcfdd6d000 	C:\WINDOWS\SYSTEM32\winmmbase.dll
0x00007ffd06e80000 - 0x00007ffd06eca000 	C:\WINDOWS\System32\cfgmgr32.dll
0x00007ffd05ce0000 - 0x00007ffd05cf1000 	C:\WINDOWS\System32\kernel.appcore.dll
0x00007ffd044b0000 - 0x00007ffd044c1000 	E:\Program Files\JetBrains\IntelliJ IDEA Educational Edition 2019.3.1\jbr\bin\verify.dll
0x00007ffd01460000 - 0x00007ffd01654000 	C:\WINDOWS\SYSTEM32\DBGHELP.DLL
0x00007ffcec710000 - 0x00007ffcec73a000 	C:\WINDOWS\SYSTEM32\dbgcore.DLL
0x00007ffd03f00000 - 0x00007ffd03f29000 	E:\Program Files\JetBrains\IntelliJ IDEA Educational Edition 2019.3.1\jbr\bin\java.dll
0x00007ffd044d0000 - 0x00007ffd044df000 	E:\Program Files\JetBrains\IntelliJ IDEA Educational Edition 2019.3.1\jbr\bin\instrument.dll
0x00007ffd04470000 - 0x00007ffd04487000 	E:\Program Files\JetBrains\IntelliJ IDEA Educational Edition 2019.3.1\jbr\bin\zip.dll
0x00007ffd04580000 - 0x00007ffd0458b000 	E:\Program Files\JetBrains\IntelliJ IDEA Educational Edition 2019.3.1\jbr\bin\jimage.dll

dbghelp: loaded successfully - version: 4.0.5 - missing functions: none
symbol engine: initialized successfully - sym options: 0x614 - pdb path: .;E:\Program Files\JetBrains\IntelliJ IDEA Educational Edition 2019.3.1\jbr\bin;C:\WINDOWS\SYSTEM32;C:\WINDOWS\WinSxS\amd64_microsoft.windows.common-controls_6595b64144ccf1df_6.0.18362.959_none_e6c7bbbf130c62bb;E:\Program Files\JetBrains\IntelliJ IDEA Educational Edition 2019.3.1\jbr\bin\server

VM Arguments:
jvm_args: -javaagent:E:\Program Files\JetBrains\IntelliJ IDEA Educational Edition 2019.3.1\lib\idea_rt.jar=60874:E:\Program Files\JetBrains\IntelliJ IDEA Educational Edition 2019.3.1\bin -Dfile.encoding=UTF-8 
java_command: Main
java_class_path (initial): F:\myJava\Maze\out\production\Maze
Launcher Type: SUN_STANDARD

[Global flags]
     intx CICompilerCount                          = 4                                         {product} {ergonomic}
     uint ConcGCThreads                            = 2                                         {product} {ergonomic}
     uint G1ConcRefinementThreads                  = 8                                         {product} {ergonomic}
   size_t G1HeapRegionSize                         = 1048576                                   {product} {ergonomic}
    uintx GCDrainStackTargetSize                   = 64                                        {product} {ergonomic}
   size_t InitialHeapSize                          = 266338304                                 {product} {ergonomic}
   size_t MarkStackSize                            = 4194304                                   {product} {ergonomic}
   size_t MaxHeapSize                              = 4229955584                                {product} {ergonomic}
   size_t MinHeapDeltaBytes                        = 1048576                                   {product} {ergonomic}
    uintx NonNMethodCodeHeapSize                   = 5836300                                {pd product} {ergonomic}
    uintx NonProfiledCodeHeapSize                  = 122910970                              {pd product} {ergonomic}
    uintx ProfiledCodeHeapSize                     = 122910970                              {pd product} {ergonomic}
    uintx ReservedCodeCacheSize                    = 251658240                              {pd product} {ergonomic}
     bool SegmentedCodeCache                       = true                                      {product} {ergonomic}
     bool UseCompressedClassPointers               = true                                 {lp64_product} {ergonomic}
     bool UseCompressedOops                        = true                                 {lp64_product} {ergonomic}
     bool UseG1GC                                  = true                                      {product} {ergonomic}
     bool UseLargePagesIndividualAllocation        = false                                  {pd product} {ergonomic}

Logging:
Log output configuration:
 #0: stdout all=warning uptime,level,tags
 #1: stderr all=off uptime,level,tags

Environment Variables:
JAVA_HOME=E:\Program Files\Java\jdk1.8.0_241
PATH=C:\Program Files (x86)\Common Files\Oracle\Java\javapath;E:\CUDA Development\bin;E:\CUDA Development\libnvvp;C:\WINDOWS\system32;C:\WINDOWS;C:\WINDOWS\System32\Wbem;C:\WINDOWS\System32\WindowsPowerShell\v1.0\;C:\WINDOWS\System32\OpenSSH\;E:\Program FilesMATLAB\R2019b\bin;C:\Program Files (x86)\PharosSystems\Core;C:\Program Files\NVIDIA Corporation\Nsight Compute 2019.4.0\;C:\Program Files (x86)\NVIDIA Corporation\PhysX\Common;E:\Program Files\Git\cmd;E:\Program Files\Java\jdk1.8.0_241\bin;E:\Program Files\apache-maven-3.6.3\bin;C:\Users\ychen\AppData\Local\Microsoft\WindowsApps;C:\Users\ychen\AppData\Local\atom\bin;C:\Users\ychen\AppData\Local\GitHubDesktop\bin
USERNAME=ychen
OS=Windows_NT
PROCESSOR_IDENTIFIER=Intel64 Family 6 Model 142 Stepping 12, GenuineIntel



---------------  S Y S T E M  ---------------

OS: Windows 10 , 64 bit Build 18362 (10.0.18362.959)

CPU:total 8 (initial active 8) (4 cores per cpu, 2 threads per core) family 6 model 142 stepping 12, cmov, cx8, fxsr, mmx, sse, sse2, sse3, ssse3, sse4.1, sse4.2, popcnt, avx, avx2, aes, clmul, erms, 3dnowpref, lzcnt, ht, tsc, tscinvbit, bmi1, bmi2, adx, fma

Memory: 4k page, system-wide physical 16131M (3640M free)
TotalPageFile size 29006M (AvailPageFile size 40M)
current process WorkingSet (physical memory assigned to process): 10M, peak: 10M
current process commit charge ("private bytes"): 60M, peak: 314M

vm_info: OpenJDK 64-Bit Server VM (11.0.5+10-b520.30) for windows-amd64 JRE (11.0.5+10-b520.30), built on Dec 24 2019 12:06:09 by "" with MS VC++ 14.0 (VS2015)

END.
